<?xml version="1.0" encoding="utf-8"?><testsuites name="pytest tests"><testsuite name="pytest" errors="0" failures="0" skipped="0" tests="28" time="3.960" timestamp="2026-04-23T09:58:42.601453+00:00" hostname="agent-env-04516764-2aa9-4536-9830-0d7a8818d72f"><testcase classname="backend.tests.test_iteration2.TestAuth" name="test_register_returns_user_and_token" time="0.380" /><testcase classname="backend.tests.test_iteration2.TestAuth" name="test_register_duplicate_400" time="0.335" /><testcase classname="backend.tests.test_iteration2.TestAuth" name="test_login_admin_success" time="0.275" /><testcase classname="backend.tests.test_iteration2.TestAuth" name="test_login_wrong_password_401" time="0.275" /><testcase classname="backend.tests.test_iteration2.TestAuth" name="test_me_with_token" time="0.050" /><testcase classname="backend.tests.test_iteration2.TestAuth" name="test_me_without_token_401" time="0.047" /><testcase classname="backend.tests.test_iteration2.TestAuth" name="test_me_admin_role" time="0.051" /><testcase classname="backend.tests.test_iteration2.TestAuth" name="test_bcrypt_hash_format" time="0.544" /><testcase classname="backend.tests.test_iteration2.TestAdminACL" name="test_admin_stats_no_token_401" time="0.049" /><testcase classname="backend.tests.test_iteration2.TestAdminACL" name="test_admin_stats_customer_403" time="0.053" /><testcase classname="backend.tests.test_iteration2.TestAdminACL" name="test_admin_stats_admin_200" time="0.058" /><testcase classname="backend.tests.test_iteration2.TestAdminACL" name="test_admin_users_no_password_leak" time="0.050" /><testcase classname="backend.tests.test_iteration2.TestAdminBooks" name="test_book_crud_flow" time="0.250" /><testcase classname="backend.tests.test_iteration2.TestAdminBooks" name="test_update_missing_book_404" time="0.049" /><testcase classname="backend.tests.test_iteration2.TestAdminBooks" name="test_delete_missing_book_404" time="0.047" /><testcase classname="backend.tests.test_iteration2.TestAdminBooks" name="test_customer_cannot_create_book_403" time="0.051" /><testcase classname="backend.tests.test_iteration2.TestAuthors" name="test_list_authors_seeded" time="0.053" /><testcase classname="backend.tests.test_iteration2.TestAuthors" name="test_author_detail" time="0.049" /><testcase classname="backend.tests.test_iteration2.TestAuthors" name="test_author_detail_404" time="0.048" /><testcase classname="backend.tests.test_iteration2.TestAuthors" name="test_author_books" time="0.049" /><testcase classname="backend.tests.test_iteration2.TestDeskCopies" name="test_create_desk_copy_valid" time="0.205" /><testcase classname="backend.tests.test_iteration2.TestDeskCopies" name="test_desk_copy_bad_book_404" time="0.050" /><testcase classname="backend.tests.test_iteration2.TestDeskCopies" name="test_desk_copy_invalid_status_400" time="0.158" /><testcase classname="backend.tests.test_iteration2.TestReviews" name="test_post_review_requires_auth" time="0.102" /><testcase classname="backend.tests.test_iteration2.TestReviews" name="test_review_create_and_list" time="0.217" /><testcase classname="backend.tests.test_iteration2.TestOrders" name="test_my_orders_requires_auth" time="0.054" /><testcase classname="backend.tests.test_iteration2.TestOrders" name="test_authenticated_order_links_user" time="0.105" /><testcase classname="backend.tests.test_iteration2.TestOrders" name="test_admin_orders_list_and_status_update" time="0.205" /></testsuite></testsuites>