<?xml version="1.0" encoding="utf-8"?><testsuites name="pytest tests"><testsuite name="pytest" errors="0" failures="0" skipped="0" tests="19" time="1.732" timestamp="2026-04-23T09:36:47.785589+00:00" hostname="agent-env-04516764-2aa9-4536-9830-0d7a8818d72f"><testcase classname="backend.tests.backend_test.TestHealth" name="test_root" time="0.203" /><testcase classname="backend.tests.backend_test.TestCategories" name="test_list_categories" time="0.072" /><testcase classname="backend.tests.backend_test.TestBooks" name="test_list_books" time="0.047" /><testcase classname="backend.tests.backend_test.TestBooks" name="test_filter_category_school" time="0.050" /><testcase classname="backend.tests.backend_test.TestBooks" name="test_filter_bestseller" time="0.048" /><testcase classname="backend.tests.backend_test.TestBooks" name="test_filter_new_release" time="0.046" /><testcase classname="backend.tests.backend_test.TestBooks" name="test_search_jee" time="0.047" /><testcase classname="backend.tests.backend_test.TestBooks" name="test_sort_price_asc" time="0.049" /><testcase classname="backend.tests.backend_test.TestBooks" name="test_sort_price_desc" time="0.045" /><testcase classname="backend.tests.backend_test.TestBooks" name="test_featured" time="0.047" /><testcase classname="backend.tests.backend_test.TestBooks" name="test_new_releases" time="0.045" /><testcase classname="backend.tests.backend_test.TestBooks" name="test_get_book_valid" time="0.093" /><testcase classname="backend.tests.backend_test.TestBooks" name="test_get_book_invalid" time="0.046" /><testcase classname="backend.tests.backend_test.TestNewsletter" name="test_newsletter_signup_and_idempotent" time="0.132" /><testcase classname="backend.tests.backend_test.TestNewsletter" name="test_newsletter_invalid_email" time="0.047" /><testcase classname="backend.tests.backend_test.TestContact" name="test_contact_submit" time="0.069" /><testcase classname="backend.tests.backend_test.TestOrders" name="test_create_order_empty_items" time="0.045" /><testcase classname="backend.tests.backend_test.TestOrders" name="test_create_order_and_lookup" time="0.306" /><testcase classname="backend.tests.backend_test.TestOrders" name="test_get_order_not_found" time="0.050" /></testsuite></testsuites>